build/app/intermediates/manifest_merge_blame_file/debug/manifest-merger-blame-debug-report.txt
1<?xml version="1.0" encoding="utf-8"?>
2<manifest xmlns:android="http://schemas.android.com/apk/res/android"
3    package="com.angusNewbie.cinemahub"
4    android:versionCode="1"
5    android:versionName="1.0.0" >
6
7    <uses-sdk
8        android:minSdkVersion="19"
9        android:targetSdkVersion="33" />
10    <!--
11         The INTERNET permission is required for development. Specifically,
12         the Flutter tool needs it to communicate with the running application
13         to allow setting breakpoints, to provide hot reload, etc.
14    -->
15    <uses-permission android:name="android.permission.INTERNET" />
15-->src/debug/AndroidManifest.xml:7:5-66
15-->src/debug/AndroidManifest.xml:7:22-64
16
17    <queries>
17-->src/main/AndroidManifest.xml:3:5-14:15
18
19        <!-- If your app checks for SMS support -->
20        <intent>
20-->src/main/AndroidManifest.xml:5:9-8:18
21            <action android:name="android.intent.action.VIEW" />
21-->src/main/AndroidManifest.xml:6:13-65
21-->src/main/AndroidManifest.xml:6:21-62
22
23            <data android:scheme="sms" />
23-->src/main/AndroidManifest.xml:7:13-42
23-->src/main/AndroidManifest.xml:7:19-39
24        </intent>
25        <!-- If your app checks for call support -->
26        <intent>
26-->src/main/AndroidManifest.xml:10:9-13:18
27            <action android:name="android.intent.action.VIEW" />
27-->src/main/AndroidManifest.xml:6:13-65
27-->src/main/AndroidManifest.xml:6:21-62
28
29            <data android:scheme="tel" />
29-->src/main/AndroidManifest.xml:7:13-42
29-->src/main/AndroidManifest.xml:7:19-39
30        </intent>
31        <intent>
31-->[:flutter_inappwebview] AndroidManifest.xml:10:9-12:18
32            <action android:name="android.support.customtabs.action.CustomTabsService" />
32-->[:flutter_inappwebview] AndroidManifest.xml:11:13-90
32-->[:flutter_inappwebview] AndroidManifest.xml:11:21-87
33        </intent>
34    </queries>
35
36    <uses-permission android:name="android.permission.ACCESS_NETWORK_STATE" />
36-->[com.google.android.exoplayer:exoplayer-core:2.18.5] AndroidManifest.xml:24:5-79
36-->[com.google.android.exoplayer:exoplayer-core:2.18.5] AndroidManifest.xml:24:22-76
37
38    <application
39        android:name="android.app.Application"
40        android:appComponentFactory="androidx.core.app.CoreComponentFactory"
40-->[androidx.core:core:1.8.0] AndroidManifest.xml:24:18-86
41        android:debuggable="true"
42        android:icon="@mipmap/ic_launcher"
43        android:label="cinemahub" >
44        <activity
45            android:name="com.angusNewbie.cinemahub.MainActivity"
46            android:configChanges="orientation|keyboardHidden|keyboard|screenSize|smallestScreenSize|locale|layoutDirection|fontScale|screenLayout|density|uiMode"
47            android:exported="true"
48            android:hardwareAccelerated="true"
49            android:launchMode="singleTop"
50            android:theme="@style/LaunchTheme"
51            android:windowSoftInputMode="adjustResize" >
52
53            <!--
54                 Specifies an Android theme to apply to this Activity as soon as
55                 the Android process has started. This theme is visible to the user
56                 while the Flutter UI initializes. After that, this theme continues
57                 to determine the Window background behind the Flutter UI.
58            -->
59            <meta-data
60                android:name="io.flutter.embedding.android.NormalTheme"
61                android:resource="@style/NormalTheme" />
62
63            <intent-filter>
64                <action android:name="android.intent.action.MAIN" />
65
66                <category android:name="android.intent.category.LAUNCHER" />
67            </intent-filter>
68        </activity>
69
70        <!--
71             Don't delete the meta-data below.
72             This is used by the Flutter tool to generate GeneratedPluginRegistrant.java
73        -->
74        <meta-data
75            android:name="flutterEmbedding"
76            android:value="2" />
77
78        <activity
78-->[:flutter_inappwebview] AndroidManifest.xml:16:9-20:47
79            android:name="com.pichillilorenzo.flutter_inappwebview.in_app_browser.InAppBrowserActivity"
79-->[:flutter_inappwebview] AndroidManifest.xml:17:13-104
80            android:configChanges="orientation|keyboardHidden|keyboard|screenSize|locale|layoutDirection|fontScale|screenLayout|density"
80-->[:flutter_inappwebview] AndroidManifest.xml:18:13-137
81            android:exported="false"
81-->[:flutter_inappwebview] AndroidManifest.xml:19:13-37
82            android:theme="@style/AppTheme" />
82-->[:flutter_inappwebview] AndroidManifest.xml:20:13-44
83        <activity
83-->[:flutter_inappwebview] AndroidManifest.xml:21:9-24:55
84            android:name="com.pichillilorenzo.flutter_inappwebview.chrome_custom_tabs.ChromeCustomTabsActivity"
84-->[:flutter_inappwebview] AndroidManifest.xml:22:13-112
85            android:exported="false"
85-->[:flutter_inappwebview] AndroidManifest.xml:23:13-37
86            android:theme="@style/ThemeTransparent" />
86-->[:flutter_inappwebview] AndroidManifest.xml:24:13-52
87        <activity
87-->[:flutter_inappwebview] AndroidManifest.xml:25:9-28:55
88            android:name="com.pichillilorenzo.flutter_inappwebview.chrome_custom_tabs.TrustedWebActivity"
88-->[:flutter_inappwebview] AndroidManifest.xml:26:13-106
89            android:exported="false"
89-->[:flutter_inappwebview] AndroidManifest.xml:27:13-37
90            android:theme="@style/ThemeTransparent" />
90-->[:flutter_inappwebview] AndroidManifest.xml:28:13-52
91        <activity
91-->[:flutter_inappwebview] AndroidManifest.xml:29:9-33:55
92            android:name="com.pichillilorenzo.flutter_inappwebview.chrome_custom_tabs.ChromeCustomTabsActivitySingleInstance"
92-->[:flutter_inappwebview] AndroidManifest.xml:30:13-126
93            android:exported="false"
93-->[:flutter_inappwebview] AndroidManifest.xml:31:13-37
94            android:launchMode="singleInstance"
94-->[:flutter_inappwebview] AndroidManifest.xml:32:13-48
95            android:theme="@style/ThemeTransparent" />
95-->[:flutter_inappwebview] AndroidManifest.xml:33:13-52
96        <activity
96-->[:flutter_inappwebview] AndroidManifest.xml:34:9-38:55
97            android:name="com.pichillilorenzo.flutter_inappwebview.chrome_custom_tabs.TrustedWebActivitySingleInstance"
97-->[:flutter_inappwebview] AndroidManifest.xml:35:13-120
98            android:exported="false"
98-->[:flutter_inappwebview] AndroidManifest.xml:36:13-37
99            android:launchMode="singleInstance"
99-->[:flutter_inappwebview] AndroidManifest.xml:37:13-48
100            android:theme="@style/ThemeTransparent" />
100-->[:flutter_inappwebview] AndroidManifest.xml:38:13-52
101
102        <receiver
102-->[:flutter_inappwebview] AndroidManifest.xml:40:9-43:40
103            android:name="com.pichillilorenzo.flutter_inappwebview.chrome_custom_tabs.ActionBroadcastReceiver"
103-->[:flutter_inappwebview] AndroidManifest.xml:41:13-111
104            android:enabled="true"
104-->[:flutter_inappwebview] AndroidManifest.xml:42:13-35
105            android:exported="false" />
105-->[:flutter_inappwebview] AndroidManifest.xml:43:13-37
106
107        <meta-data
107-->[:flutter_inappwebview] AndroidManifest.xml:45:9-47:36
108            android:name="io.flutter.embedded_views_preview"
108-->[:flutter_inappwebview] AndroidManifest.xml:46:13-61
109            android:value="true" />
109-->[:flutter_inappwebview] AndroidManifest.xml:47:13-33
110
111        <activity
111-->[:url_launcher_android] AndroidManifest.xml:10:9-13:74
112            android:name="io.flutter.plugins.urllauncher.WebViewActivity"
112-->[:url_launcher_android] AndroidManifest.xml:11:13-74
113            android:exported="false"
113-->[:url_launcher_android] AndroidManifest.xml:12:13-37
114            android:theme="@android:style/Theme.NoTitleBar.Fullscreen" />
114-->[:url_launcher_android] AndroidManifest.xml:13:13-71
115
116        <uses-library
116-->[androidx.window:window:1.0.0-beta04] AndroidManifest.xml:25:9-27:40
117            android:name="androidx.window.extensions"
117-->[androidx.window:window:1.0.0-beta04] AndroidManifest.xml:26:13-54
118            android:required="false" />
118-->[androidx.window:window:1.0.0-beta04] AndroidManifest.xml:27:13-37
119        <uses-library
119-->[androidx.window:window:1.0.0-beta04] AndroidManifest.xml:28:9-30:40
120            android:name="androidx.window.sidecar"
120-->[androidx.window:window:1.0.0-beta04] AndroidManifest.xml:29:13-51
121            android:required="false" />
121-->[androidx.window:window:1.0.0-beta04] AndroidManifest.xml:30:13-37
122
123        <provider
123-->[androidx.emoji2:emoji2:1.2.0] AndroidManifest.xml:24:9-32:20
124            android:name="androidx.startup.InitializationProvider"
124-->[androidx.emoji2:emoji2:1.2.0] AndroidManifest.xml:25:13-67
125            android:authorities="com.angusNewbie.cinemahub.androidx-startup"
125-->[androidx.emoji2:emoji2:1.2.0] AndroidManifest.xml:26:13-68
126            android:exported="false" >
126-->[androidx.emoji2:emoji2:1.2.0] AndroidManifest.xml:27:13-37
127            <meta-data
127-->[androidx.emoji2:emoji2:1.2.0] AndroidManifest.xml:29:13-31:52
128                android:name="androidx.emoji2.text.EmojiCompatInitializer"
128-->[androidx.emoji2:emoji2:1.2.0] AndroidManifest.xml:30:17-75
129                android:value="androidx.startup" />
129-->[androidx.emoji2:emoji2:1.2.0] AndroidManifest.xml:31:17-49
130            <meta-data
130-->[androidx.lifecycle:lifecycle-process:2.4.1] AndroidManifest.xml:31:13-33:52
131                android:name="androidx.lifecycle.ProcessLifecycleInitializer"
131-->[androidx.lifecycle:lifecycle-process:2.4.1] AndroidManifest.xml:32:17-78
132                android:value="androidx.startup" />
132-->[androidx.lifecycle:lifecycle-process:2.4.1] AndroidManifest.xml:33:17-49
133        </provider>
134    </application>
135
136</manifest>